{
  "stats": {
    "suites": 1,
    "tests": 1,
    "passes": 1,
    "pending": 0,
    "failures": 0,
    "start": "2022-08-27T19:44:02.774Z",
    "end": "2022-08-27T19:44:12.150Z",
    "duration": 9376,
    "testsRegistered": 1,
    "passPercent": 100,
    "pendingPercent": 0,
    "other": 0,
    "hasOther": false,
    "skipped": 0,
    "hasSkipped": false
  },
  "results": [
    {
      "uuid": "d469d911-6aa4-4f98-938e-a4c280090200",
      "title": "",
      "fullFile": "cypress\\Integration\\examples\\Test9Framework.js",
      "file": "cypress\\Integration\\examples\\Test9Framework.js",
      "beforeHooks": [],
      "afterHooks": [],
      "tests": [],
      "suites": [
        {
          "uuid": "f0dc5764-3fcb-46ef-a8e4-adb03b213032",
          "title": "My Test Suite",
          "fullFile": "",
          "file": "",
          "beforeHooks": [],
          "afterHooks": [],
          "tests": [
            {
              "title": "My First Test case",
              "fullTitle": "My Test Suite My First Test case",
              "timedOut": null,
              "duration": 9206,
              "state": "passed",
              "speed": "medium",
              "pass": true,
              "fail": false,
              "pending": false,
              "context": null,
              "code": "const homePage = new _HomePage.default();\nconst shopProduct = new _ShopProduct.default();\nconst checkoutPage = new _CheckoutPage.default();\nconst addressPageObj = new _AddressConfirmationPage.default();\ncy.visit('./'); // cy.contains('div','Name').find('input[name=\"name\"]').type(this.data.name)\n// cy.contains('div','Name').find('input[name=\"name\"]').should('have.attr','minlength','2')\n// cy.contains('div','Email').find('input[name=\"email\"]').type(this.data.email)\n// cy.get('select').select(this.data.gender)\n// cy.get('h4 input[name=\"name\"]').should('have.value', this.data.name)\n// cy.get('#inlineRadio3').should('be.disabled')\n//  cy.contains('Shop').click()\nhomePage.getName().type(this.data.name);\nhomePage.getGender(this.data.gender);\nhomePage.getTwoWayDataBindingData().should('have.value', this.data.name);\nhomePage.getName().should('have.attr', 'minlength', '2');\nhomePage.getEnterprenerButton().should('be.disabled');\nhomePage.getShopBtn().click(); //1. for single element\n//cy.selectProduct(this.data.productName1) \n//2. for multiple element use array\nthis.data.productName.forEach(function (element) {\n  cy.selectProduct(element);\n});\nshopProduct.getCheckoutBtn().click();\nvar totalAmount = 0;\ncy.get('tr td:nth-child(4) strong').each((itemPrice, index) => {\n  const price = itemPrice.text();\n  var totalAdditionPrice = price.split(\" \");\n  totalAdditionPrice = totalAdditionPrice[1].trim();\n  cy.log(\"Addtion of prices are : \" + totalAdditionPrice);\n  totalAmount = Number(totalAmount) + Number(totalAdditionPrice);\n  cy.log('Total amount:' + totalAmount);\n});\ncy.get('h3 strong').then(totalPrice => {\n  const tPrice = totalPrice.text();\n  var finalSumPrice = tPrice.split(\" \");\n  finalSumPrice = finalSumPrice[1].trim();\n  cy.log('Total amount as show on pageL:' + finalSumPrice);\n  expect(Number(finalSumPrice)).to.equal(totalAmount);\n});\ncheckoutPage.getFinalCheckoutBtn().click();\naddressPageObj.getChckBox().click({\n  force: true\n});\naddressPageObj.getCountyName().type('Ind'); //  cy.wait(10000)\ncy.get('div[class=\"suggestions\"] a').each((countryName, index) => {\n  if (countryName.text() === 'India') {\n    cy.wrap(countryName).click({\n      force: true\n    });\n  }\n});\naddressPageObj.getCountyName().should('have.value', 'India');\naddressPageObj.getPurchaseBtn().click();\naddressPageObj.getSucessConfirmation().should('contain', 'Success');",
              "err": {},
              "uuid": "f37183cf-25a5-49ec-a062-a0bbc1e433f0",
              "parentUUID": "f0dc5764-3fcb-46ef-a8e4-adb03b213032",
              "isHook": false,
              "skipped": false
            }
          ],
          "suites": [],
          "passes": [
            "f37183cf-25a5-49ec-a062-a0bbc1e433f0"
          ],
          "failures": [],
          "pending": [],
          "skipped": [],
          "duration": 9206,
          "root": false,
          "rootEmpty": false,
          "_timeout": 2000
        }
      ],
      "passes": [],
      "failures": [],
      "pending": [],
      "skipped": [],
      "duration": 0,
      "root": true,
      "rootEmpty": true,
      "_timeout": 2000
    }
  ],
  "meta": {
    "mocha": {
      "version": "7.0.1"
    },
    "mochawesome": {
      "options": {
        "quiet": false,
        "reportFilename": "mochawesome",
        "saveHtml": true,
        "saveJson": true,
        "consoleReporter": "spec",
        "useInlineDiffs": false,
        "code": true
      },
      "version": "7.1.3"
    },
    "marge": {
      "options": null,
      "version": "6.2.0"
    }
  }
}